<?xml version="1.0" encoding="UTF-8"?>
<testsuite name="com.example.book.springboot.web.dto.HelloResponseDtoTest" tests="1" skipped="0" failures="0" errors="0" timestamp="2021-01-13T08:12:39" hostname="DESKTOP-N2TMU7C" time="0.004">
  <properties/>
  <testcase name="롬복_기능_테스트" classname="com.example.book.springboot.web.dto.HelloResponseDtoTest" time="0.004"/>
  <system-out><![CDATA[]]></system-out>
  <system-err><![CDATA[]]></system-err>
</testsuite>
